<?xml version="1.0" encoding="UTF-8"?>
<testng-results ignored="0" total="6" passed="5" failed="1" skipped="0">
  <reporter-output>
  </reporter-output>
  <suite started-at="2024-03-04T17:15:10 IST" name="Suite" finished-at="2024-03-04T17:17:56 IST" duration-ms="166168">
    <groups>
      <group name="regression">
        <method signature="testCase.upcmg()[pri:1, instance:testBase.testCase@293a5bf6]" name="upcmg" class="testBase.testCase"/>
        <method signature="testCase.usdcars()[pri:2, instance:testBase.testCase@293a5bf6]" name="usdcars" class="testBase.testCase"/>
        <method signature="testCase.invUsed()[pri:3, instance:testBase.testCase@293a5bf6]" name="invUsed" class="testBase.testCase"/>
        <method signature="testCase.upcmg()[pri:1, instance:testBase.testCase@2b71e916]" name="upcmg" class="testBase.testCase"/>
        <method signature="testCase.usdcars()[pri:2, instance:testBase.testCase@2b71e916]" name="usdcars" class="testBase.testCase"/>
        <method signature="testCase.invUsed()[pri:3, instance:testBase.testCase@2b71e916]" name="invUsed" class="testBase.testCase"/>
      </group> <!-- regression -->
      <group name="smoke">
        <method signature="testCase.upcmg()[pri:1, instance:testBase.testCase@293a5bf6]" name="upcmg" class="testBase.testCase"/>
        <method signature="testCase.usdcars()[pri:2, instance:testBase.testCase@293a5bf6]" name="usdcars" class="testBase.testCase"/>
        <method signature="testCase.invUsed()[pri:3, instance:testBase.testCase@293a5bf6]" name="invUsed" class="testBase.testCase"/>
        <method signature="testCase.upcmg()[pri:1, instance:testBase.testCase@2b71e916]" name="upcmg" class="testBase.testCase"/>
        <method signature="testCase.usdcars()[pri:2, instance:testBase.testCase@2b71e916]" name="usdcars" class="testBase.testCase"/>
        <method signature="testCase.invUsed()[pri:3, instance:testBase.testCase@2b71e916]" name="invUsed" class="testBase.testCase"/>
      </group> <!-- smoke -->
      <group name="master">
        <method signature="testCase.upcmg()[pri:1, instance:testBase.testCase@293a5bf6]" name="upcmg" class="testBase.testCase"/>
        <method signature="testCase.usdcars()[pri:2, instance:testBase.testCase@293a5bf6]" name="usdcars" class="testBase.testCase"/>
        <method signature="testCase.invUsed()[pri:3, instance:testBase.testCase@293a5bf6]" name="invUsed" class="testBase.testCase"/>
        <method signature="testCase.upcmg()[pri:1, instance:testBase.testCase@2b71e916]" name="upcmg" class="testBase.testCase"/>
        <method signature="testCase.usdcars()[pri:2, instance:testBase.testCase@2b71e916]" name="usdcars" class="testBase.testCase"/>
        <method signature="testCase.invUsed()[pri:3, instance:testBase.testCase@2b71e916]" name="invUsed" class="testBase.testCase"/>
      </group> <!-- master -->
    </groups>
    <test started-at="2024-03-04T17:15:10 IST" name="Chrome" finished-at="2024-03-04T17:16:27 IST" duration-ms="76855">
      <class name="testBase.testCase">
        <test-method is-config="true" signature="driverSetup(java.lang.String)[pri:0, instance:testBase.testCase@293a5bf6]" started-at="2024-03-04T17:15:11 IST" name="driverSetup" finished-at="2024-03-04T17:15:28 IST" duration-ms="17748" status="PASS">
          <params>
            <param index="0">
              <value>
                <![CDATA[1]]>
              </value>
            </param>
          </params>
          <reporter-output>
          </reporter-output>
        </test-method> <!-- driverSetup -->
        <test-method signature="upcmg()[pri:1, instance:testBase.testCase@293a5bf6]" started-at="2024-03-04T17:15:28 IST" name="upcmg" finished-at="2024-03-04T17:15:45 IST" duration-ms="17038" status="PASS">
          <reporter-output>
          </reporter-output>
        </test-method> <!-- upcmg -->
        <test-method signature="usdcars()[pri:2, instance:testBase.testCase@293a5bf6]" started-at="2024-03-04T17:15:45 IST" name="usdcars" finished-at="2024-03-04T17:16:02 IST" duration-ms="16192" status="PASS">
          <reporter-output>
          </reporter-output>
        </test-method> <!-- usdcars -->
        <test-method signature="invUsed()[pri:3, instance:testBase.testCase@293a5bf6]" started-at="2024-03-04T17:16:02 IST" name="invUsed" finished-at="2024-03-04T17:16:27 IST" duration-ms="25204" status="PASS">
          <reporter-output>
          </reporter-output>
        </test-method> <!-- invUsed -->
      </class> <!-- testBase.testCase -->
    </test> <!-- Chrome -->
    <test started-at="2024-03-04T17:16:28 IST" name="Edge" finished-at="2024-03-04T17:17:56 IST" duration-ms="88574">
      <class name="testBase.testCase">
        <test-method is-config="true" signature="driverSetup(java.lang.String)[pri:0, instance:testBase.testCase@2b71e916]" started-at="2024-03-04T17:16:28 IST" name="driverSetup" finished-at="2024-03-04T17:16:45 IST" duration-ms="17473" status="PASS">
          <params>
            <param index="0">
              <value>
                <![CDATA[2]]>
              </value>
            </param>
          </params>
          <reporter-output>
          </reporter-output>
        </test-method> <!-- driverSetup -->
        <test-method signature="upcmg()[pri:1, instance:testBase.testCase@2b71e916]" started-at="2024-03-04T17:16:45 IST" name="upcmg" finished-at="2024-03-04T17:17:13 IST" duration-ms="28226" status="FAIL">
          <exception class="org.openqa.selenium.ElementNotInteractableException">
            <message>
              <![CDATA[element not interactable
  (Session info: MicrosoftEdge=122.0.2365.59)
Build info: version: '4.17.0', revision: 'e52b1be057*'
System info: os.name: 'Windows 11', os.arch: 'amd64', os.version: '10.0', java.version: '17.0.2'
Driver info: org.openqa.selenium.edge.EdgeDriver
Command: [70766b80a13dca29eed330ac8ef7c0be, clickElement {id=f.D2EEA5E32C23249C58A7FAAD4963E434.d.2E732CC3677FC852B691E544C6C1C7BF.e.99}]
Capabilities {acceptInsecureCerts: false, browserName: MicrosoftEdge, browserVersion: 122.0.2365.59, fedcm:accounts: true, ms:edgeOptions: {debuggerAddress: localhost:60246}, msedge: {msedgedriverVersion: 122.0.2365.66 (ab363614b8f0..., userDataDir: C:\Windows\SystemTemp\scope...}, networkConnectionEnabled: false, pageLoadStrategy: normal, platformName: windows, proxy: Proxy(), se:cdp: ws://localhost:60246/devtoo..., se:cdpVersion: 122.0.2365.59, setWindowRect: true, strictFileInteractability: false, timeouts: {implicit: 0, pageLoad: 300000, script: 30000}, unhandledPromptBehavior: dismiss and notify, webauthn:extension:credBlob: true, webauthn:extension:largeBlob: true, webauthn:extension:minPinLength: true, webauthn:extension:prf: true, webauthn:virtualAuthenticators: true}
Element: [[EdgeDriver: MicrosoftEdge on windows (70766b80a13dca29eed330ac8ef7c0be)] -> xpath: //span[@onclick="goToUrl('/upcoming-bikes')"]]
Session ID: 70766b80a13dca29eed330ac8ef7c0be]]>
            </message>
            <full-stacktrace>
              <![CDATA[org.openqa.selenium.ElementNotInteractableException: element not interactable
  (Session info: MicrosoftEdge=122.0.2365.59)
Build info: version: '4.17.0', revision: 'e52b1be057*'
System info: os.name: 'Windows 11', os.arch: 'amd64', os.version: '10.0', java.version: '17.0.2'
Driver info: org.openqa.selenium.edge.EdgeDriver
Command: [70766b80a13dca29eed330ac8ef7c0be, clickElement {id=f.D2EEA5E32C23249C58A7FAAD4963E434.d.2E732CC3677FC852B691E544C6C1C7BF.e.99}]
Capabilities {acceptInsecureCerts: false, browserName: MicrosoftEdge, browserVersion: 122.0.2365.59, fedcm:accounts: true, ms:edgeOptions: {debuggerAddress: localhost:60246}, msedge: {msedgedriverVersion: 122.0.2365.66 (ab363614b8f0..., userDataDir: C:\Windows\SystemTemp\scope...}, networkConnectionEnabled: false, pageLoadStrategy: normal, platformName: windows, proxy: Proxy(), se:cdp: ws://localhost:60246/devtoo..., se:cdpVersion: 122.0.2365.59, setWindowRect: true, strictFileInteractability: false, timeouts: {implicit: 0, pageLoad: 300000, script: 30000}, unhandledPromptBehavior: dismiss and notify, webauthn:extension:credBlob: true, webauthn:extension:largeBlob: true, webauthn:extension:minPinLength: true, webauthn:extension:prf: true, webauthn:virtualAuthenticators: true}
Element: [[EdgeDriver: MicrosoftEdge on windows (70766b80a13dca29eed330ac8ef7c0be)] -> xpath: //span[@onclick="goToUrl('/upcoming-bikes')"]]
Session ID: 70766b80a13dca29eed330ac8ef7c0be
at java.base/jdk.internal.reflect.NativeConstructorAccessorImpl.newInstance0(Native Method)
at java.base/jdk.internal.reflect.NativeConstructorAccessorImpl.newInstance(NativeConstructorAccessorImpl.java:77)
at java.base/jdk.internal.reflect.DelegatingConstructorAccessorImpl.newInstance(DelegatingConstructorAccessorImpl.java:45)
at java.base/java.lang.reflect.Constructor.newInstanceWithCaller(Constructor.java:499)
at java.base/java.lang.reflect.Constructor.newInstance(Constructor.java:480)
at org.openqa.selenium.remote.codec.w3c.W3CHttpResponseCodec.createException(W3CHttpResponseCodec.java:185)
at org.openqa.selenium.remote.codec.w3c.W3CHttpResponseCodec.decode(W3CHttpResponseCodec.java:134)
at org.openqa.selenium.remote.codec.w3c.W3CHttpResponseCodec.decode(W3CHttpResponseCodec.java:51)
at org.openqa.selenium.remote.HttpCommandExecutor.execute(HttpCommandExecutor.java:190)
at org.openqa.selenium.remote.service.DriverCommandExecutor.invokeExecute(DriverCommandExecutor.java:216)
at org.openqa.selenium.remote.service.DriverCommandExecutor.execute(DriverCommandExecutor.java:174)
at org.openqa.selenium.remote.RemoteWebDriver.execute(RemoteWebDriver.java:519)
at org.openqa.selenium.remote.RemoteWebElement.execute(RemoteWebElement.java:223)
at org.openqa.selenium.remote.RemoteWebElement.click(RemoteWebElement.java:76)
at java.base/jdk.internal.reflect.NativeMethodAccessorImpl.invoke0(Native Method)
at java.base/jdk.internal.reflect.NativeMethodAccessorImpl.invoke(NativeMethodAccessorImpl.java:77)
at java.base/jdk.internal.reflect.DelegatingMethodAccessorImpl.invoke(DelegatingMethodAccessorImpl.java:43)
at java.base/java.lang.reflect.Method.invoke(Method.java:568)
at org.openqa.selenium.support.pagefactory.internal.LocatingElementHandler.invoke(LocatingElementHandler.java:51)
at jdk.proxy2/jdk.proxy2.$Proxy14.click(Unknown Source)
at pageObject.homePage.upmgBike(homePage.java:46)
at testBase.testCase.upcmg(testCase.java:27)
at java.base/jdk.internal.reflect.NativeMethodAccessorImpl.invoke0(Native Method)
at java.base/jdk.internal.reflect.NativeMethodAccessorImpl.invoke(NativeMethodAccessorImpl.java:77)
at java.base/jdk.internal.reflect.DelegatingMethodAccessorImpl.invoke(DelegatingMethodAccessorImpl.java:43)
at java.base/java.lang.reflect.Method.invoke(Method.java:568)
at org.testng.internal.invokers.MethodInvocationHelper.invokeMethod(MethodInvocationHelper.java:136)
at org.testng.internal.invokers.TestInvoker.invokeMethod(TestInvoker.java:658)
at org.testng.internal.invokers.TestInvoker.invokeTestMethod(TestInvoker.java:219)
at org.testng.internal.invokers.MethodRunner.runInSequence(MethodRunner.java:50)
at org.testng.internal.invokers.TestInvoker$MethodInvocationAgent.invoke(TestInvoker.java:923)
at org.testng.internal.invokers.TestInvoker.invokeTestMethods(TestInvoker.java:192)
at org.testng.internal.invokers.TestMethodWorker.invokeTestMethods(TestMethodWorker.java:146)
at org.testng.internal.invokers.TestMethodWorker.run(TestMethodWorker.java:128)
at java.base/java.util.ArrayList.forEach(ArrayList.java:1511)
at org.testng.TestRunner.privateRun(TestRunner.java:808)
at org.testng.TestRunner.run(TestRunner.java:603)
at org.testng.SuiteRunner.runTest(SuiteRunner.java:429)
at org.testng.SuiteRunner.runSequentially(SuiteRunner.java:423)
at org.testng.SuiteRunner.privateRun(SuiteRunner.java:383)
at org.testng.SuiteRunner.run(SuiteRunner.java:326)
at org.testng.SuiteRunnerWorker.runSuite(SuiteRunnerWorker.java:52)
at org.testng.SuiteRunnerWorker.run(SuiteRunnerWorker.java:95)
at org.testng.TestNG.runSuitesSequentially(TestNG.java:1249)
at org.testng.TestNG.runSuitesLocally(TestNG.java:1169)
at org.testng.TestNG.runSuites(TestNG.java:1092)
at org.testng.TestNG.run(TestNG.java:1060)
at org.testng.remote.AbstractRemoteTestNG.run(AbstractRemoteTestNG.java:115)
at org.testng.remote.RemoteTestNG.initAndRun(RemoteTestNG.java:251)
at org.testng.remote.RemoteTestNG.main(RemoteTestNG.java:77)
]]>
            </full-stacktrace>
          </exception> <!-- org.openqa.selenium.ElementNotInteractableException -->
          <reporter-output>
          </reporter-output>
        </test-method> <!-- upcmg -->
        <test-method signature="usdcars()[pri:2, instance:testBase.testCase@2b71e916]" started-at="2024-03-04T17:17:13 IST" name="usdcars" finished-at="2024-03-04T17:17:30 IST" duration-ms="16970" status="PASS">
          <reporter-output>
          </reporter-output>
        </test-method> <!-- usdcars -->
        <test-method signature="invUsed()[pri:3, instance:testBase.testCase@2b71e916]" started-at="2024-03-04T17:17:30 IST" name="invUsed" finished-at="2024-03-04T17:17:56 IST" duration-ms="25886" status="PASS">
          <reporter-output>
          </reporter-output>
        </test-method> <!-- invUsed -->
      </class> <!-- testBase.testCase -->
    </test> <!-- Edge -->
  </suite> <!-- Suite -->
</testng-results>
